<?xml version="1.0" encoding="UTF-8"?>
<!-- Generated by org.testng.reporters.JUnitReportReporter -->
<testsuite hostname="LAPTOP-941RD8G0" name="TestNG_Test" tests="9" failures="0" timestamp="4 Jan 2019 21:37:50 GMT" time="251.366" errors="1">
  <testcase name="searchboxTest" time="35.945" classname="TestNG_Test"/>
  <testcase name="linkTest" time="24.076" classname="TestNG_Test"/>
  <testcase name="checkUrl" time="23.971" classname="TestNG_Test"/>
  <testcase name="facebookLink" time="21.335" classname="TestNG_Test"/>
  <testcase name="twitterLink" time="22.683" classname="TestNG_Test"/>
  <testcase name="contactLink" time="23.541" classname="TestNG_Test"/>
  <testcase name="enquiryTest" time="25.027" classname="TestNG_Test"/>
  <testcase name="checkTitle" time="20.163" classname="TestNG_Test"/>
  <testcase name="rubberLink" time="54.625" classname="TestNG_Test">
    <error type="org.openqa.selenium.ElementNotVisibleException" message="Element is not currently visible and so may not be interacted with
Command duration or timeout: 0 milliseconds">
      <![CDATA[org.openqa.selenium.ElementNotVisibleException: Element is not currently visible and so may not be interacted with
Command duration or timeout: 0 milliseconds
	at sun.reflect.NativeConstructorAccessorImpl.newInstance0(Native Method)
	at sun.reflect.NativeConstructorAccessorImpl.newInstance(NativeConstructorAccessorImpl.java:62)
	at sun.reflect.DelegatingConstructorAccessorImpl.newInstance(DelegatingConstructorAccessorImpl.java:45)
	at java.lang.reflect.Constructor.newInstance(Constructor.java:423)
	at org.openqa.selenium.remote.ErrorHandler.createThrowable(ErrorHandler.java:214)
	at org.openqa.selenium.remote.ErrorHandler.throwIfResponseFailed(ErrorHandler.java:166)
	at org.openqa.selenium.remote.http.JsonHttpResponseCodec.reconstructValue(JsonHttpResponseCodec.java:40)
	at org.openqa.selenium.remote.http.AbstractHttpResponseCodec.decode(AbstractHttpResponseCodec.java:80)
	at org.openqa.selenium.remote.http.AbstractHttpResponseCodec.decode(AbstractHttpResponseCodec.java:44)
	at org.openqa.selenium.remote.HttpCommandExecutor.execute(HttpCommandExecutor.java:158)
	at org.openqa.selenium.remote.service.DriverCommandExecutor.execute(DriverCommandExecutor.java:83)
	at org.openqa.selenium.remote.RemoteWebDriver.execute(RemoteWebDriver.java:552)
	at org.openqa.selenium.remote.RemoteWebElement.execute(RemoteWebElement.java:285)
	at org.openqa.selenium.remote.RemoteWebElement.click(RemoteWebElement.java:84)
	at TestNG_Test.rubberLink(TestNG_Test.java:58)
	at sun.reflect.NativeMethodAccessorImpl.invoke0(Native Method)
	at sun.reflect.NativeMethodAccessorImpl.invoke(NativeMethodAccessorImpl.java:62)
	at sun.reflect.DelegatingMethodAccessorImpl.invoke(DelegatingMethodAccessorImpl.java:43)
	at java.lang.reflect.Method.invoke(Method.java:498)
	at org.testng.internal.MethodInvocationHelper.invokeMethod(MethodInvocationHelper.java:85)
	at org.testng.internal.Invoker.invokeMethod(Invoker.java:639)
	at org.testng.internal.Invoker.invokeTestMethod(Invoker.java:816)
	at org.testng.internal.Invoker.invokeTestMethods(Invoker.java:1124)
	at org.testng.internal.TestMethodWorker.invokeTestMethods(TestMethodWorker.java:125)
	at org.testng.internal.TestMethodWorker.run(TestMethodWorker.java:108)
	at org.testng.TestRunner.privateRun(TestRunner.java:774)
	at org.testng.TestRunner.run(TestRunner.java:624)
	at org.testng.SuiteRunner.runTest(SuiteRunner.java:359)
	at org.testng.SuiteRunner.runSequentially(SuiteRunner.java:354)
	at org.testng.SuiteRunner.privateRun(SuiteRunner.java:312)
	at org.testng.SuiteRunner.run(SuiteRunner.java:261)
	at org.testng.SuiteRunnerWorker.runSuite(SuiteRunnerWorker.java:52)
	at org.testng.SuiteRunnerWorker.run(SuiteRunnerWorker.java:86)
	at org.testng.TestNG.runSuitesSequentially(TestNG.java:1215)
	at org.testng.TestNG.runSuitesLocally(TestNG.java:1140)
	at org.testng.TestNG.run(TestNG.java:1048)
	at org.testng.remote.AbstractRemoteTestNG.run(AbstractRemoteTestNG.java:114)
	at org.testng.remote.RemoteTestNG.initAndRun(RemoteTestNG.java:251)
	at org.testng.remote.RemoteTestNG.main(RemoteTestNG.java:77)
Caused by: org.openqa.selenium.ElementNotVisibleException: Element is not currently visible and so may not be interacted with
Build info: version: '3.141.59', revision: 'e82be7d358', time: '2018-11-14T08:25:48'
System info: host: 'LAPTOP-941RD8G0', ip: '192.168.0.14', os.name: 'Windows 10', os.arch: 'amd64', os.version: '10.0', java.version: '1.8.0_161'
Driver info: driver.version: unknown
	at <anonymous class>.fxdriver.preconditions.visible(jar:file:///C:/Users/shahana/AppData/Local/Temp/anonymous508755715063704878webdriver-profile/extensions/fxdriver@googlecode.com.xpi!/components/command-processor.js:11402)
	at <anonymous class>.DelayedCommand.prototype.checkPreconditions_(jar:file:///C:/Users/shahana/AppData/Local/Temp/anonymous508755715063704878webdriver-profile/extensions/fxdriver@googlecode.com.xpi!/components/command-processor.js:13378)
	at <anonymous class>.DelayedCommand.prototype.executeInternal_/k(jar:file:///C:/Users/shahana/AppData/Local/Temp/anonymous508755715063704878webdriver-profile/extensions/fxdriver@googlecode.com.xpi!/components/command-processor.js:13395)
	at <anonymous class>.fxdriver.Timer.prototype.setTimeout/<.notify(jar:file:///C:/Users/shahana/AppData/Local/Temp/anonymous508755715063704878webdriver-profile/extensions/fxdriver@googlecode.com.xpi!/components/command-processor.js:846)
]]>
    </error>
  </testcase> <!-- rubberLink -->
</testsuite> <!-- TestNG_Test -->
